6.9630447189695115
2.8608387756128817
0.48708807591639647
0.28875730506830816
0.25673380038108523
0.15332514864751962
0.14618306472351844
0.12380310346863974
0.08359070315357961
0.10055550519765537
0.0786585722645414
0.05829334454621728
0.07468645128321122
0.05548021582641702
0.042350176901018756
0.06017123122344294
0.04131991189487272
0.03492297355749304
0.04698161545046999
0.03327111825419867
0.028120117391267102
0.032740579174157916
0.026713581000942618
0.024742298167654563
0.025456493120587186
0.02277201685923456
0.02095443749326044
0.01870112666833942
0.01925496008264835
0.018997149592064975
0.01530727973317514
0.017408676315832157
0.01656832757301184
0.012128102735935486
0.015506868014037695
0.015568671962835725
0.010164786746585885
0.014293939955280754
0.013587273934497041
0.008565045203248108
