0.00346995
0.0030142083333333336
0.0029630791666666666
0.0031441041666666666
0.0036406875
0.0030765458333333333
0.002997504166666667
0.0035993375000000004
0.0034729291666666666
0.0047807125
0.005000220833333333
0.005138379166666667
0.004940245833333333
0.006004991666666667
0.006026316666666667
0.006193041666666666
0.0062531
0.00732545
0.008922395833333334
0.0068076583333333334
0.007882475
0.009527724999999999
0.022625408333333333
0.009302766666666667
0.010163145833333333
0.010417537499999999
0.010532195833333334
0.0109243625
0.011183491666666668
0.011117495833333333
